<?xml version="1.0" encoding="UTF-8"?>
<coverage generated="1524170253974" clover="3.2.0">
  <project timestamp="1524170253974" name="All files">
    <metrics statements="62" coveredstatements="58" conditionals="22" coveredconditionals="12" methods="23" coveredmethods="21" elements="107" coveredelements="91" complexity="0" loc="62" ncloc="62" packages="2" files="7" classes="7">
      <package name="community-module">
        <metrics statements="1" coveredstatements="1" conditionals="0" coveredconditionals="0" methods="0" coveredmethods="0"/>
        <file name="test-setup.js" path="/Users/samgetlan/Documents/HackReactor/community-module/test-setup.js">
          <metrics statements="1" coveredstatements="1" conditionals="0" coveredconditionals="0" methods="0" coveredmethods="0"/>
          <line num="5" count="6" type="stmt"/>
        </file>
      </package>
      <package name="community-module.client.src.components">
        <metrics statements="61" coveredstatements="57" conditionals="22" coveredconditionals="12" methods="23" coveredmethods="21"/>
        <file name="BackersCities.jsx" path="/Users/samgetlan/Documents/HackReactor/community-module/client/src/components/BackersCities.jsx">
          <metrics statements="17" coveredstatements="16" conditionals="6" coveredconditionals="3" methods="5" coveredmethods="5"/>
          <line num="5" count="2" type="stmt"/>
          <line num="6" count="2" type="stmt"/>
          <line num="12" count="1" type="stmt"/>
          <line num="13" count="1" type="stmt"/>
          <line num="14" count="1" type="stmt"/>
          <line num="15" count="1" type="stmt"/>
          <line num="16" count="11" type="cond" truecount="1" falsecount="1"/>
          <line num="17" count="0" type="stmt"/>
          <line num="19" count="11" type="stmt"/>
          <line num="22" count="1" type="stmt"/>
          <line num="23" count="55" type="cond" truecount="1" falsecount="1"/>
          <line num="24" count="10" type="stmt"/>
          <line num="25" count="10" type="stmt"/>
          <line num="27" count="1" type="cond" truecount="1" falsecount="1"/>
          <line num="28" count="1" type="stmt"/>
          <line num="36" count="3" type="stmt"/>
          <line num="42" count="10" type="stmt"/>
        </file>
        <file name="BackersCountries.jsx" path="/Users/samgetlan/Documents/HackReactor/community-module/client/src/components/BackersCountries.jsx">
          <metrics statements="17" coveredstatements="16" conditionals="6" coveredconditionals="3" methods="5" coveredmethods="5"/>
          <line num="5" count="2" type="stmt"/>
          <line num="6" count="2" type="stmt"/>
          <line num="13" count="1" type="stmt"/>
          <line num="14" count="1" type="stmt"/>
          <line num="15" count="1" type="stmt"/>
          <line num="16" count="1" type="stmt"/>
          <line num="17" count="11" type="cond" truecount="1" falsecount="1"/>
          <line num="18" count="0" type="stmt"/>
          <line num="20" count="11" type="stmt"/>
          <line num="23" count="1" type="stmt"/>
          <line num="24" count="55" type="cond" truecount="1" falsecount="1"/>
          <line num="25" count="10" type="stmt"/>
          <line num="26" count="10" type="stmt"/>
          <line num="28" count="1" type="cond" truecount="1" falsecount="1"/>
          <line num="29" count="1" type="stmt"/>
          <line num="37" count="3" type="stmt"/>
          <line num="43" count="10" type="stmt"/>
        </file>
        <file name="NewAndOldBackers.jsx" path="/Users/samgetlan/Documents/HackReactor/community-module/client/src/components/NewAndOldBackers.jsx">
          <metrics statements="12" coveredstatements="12" conditionals="6" coveredconditionals="4" methods="3" coveredmethods="3"/>
          <line num="5" count="2" type="stmt"/>
          <line num="6" count="2" type="stmt"/>
          <line num="14" count="1" type="stmt"/>
          <line num="15" count="1" type="stmt"/>
          <line num="16" count="1" type="stmt"/>
          <line num="17" count="1" type="stmt"/>
          <line num="18" count="8" type="cond" truecount="2" falsecount="0"/>
          <line num="19" count="4" type="stmt"/>
          <line num="21" count="4" type="stmt"/>
          <line num="24" count="1" type="cond" truecount="2" falsecount="2"/>
          <line num="25" count="1" type="stmt"/>
          <line num="34" count="3" type="stmt"/>
        </file>
        <file name="RollCall.jsx" path="/Users/samgetlan/Documents/HackReactor/community-module/client/src/components/RollCall.jsx">
          <metrics statements="6" coveredstatements="5" conditionals="4" coveredconditionals="2" methods="4" coveredmethods="3"/>
          <line num="5" count="1" type="stmt"/>
          <line num="6" count="1" type="stmt"/>
          <line num="9" count="1" type="stmt"/>
          <line num="13" count="0" type="stmt"/>
          <line num="20" count="1" type="stmt"/>
          <line num="28" count="8" type="stmt"/>
        </file>
        <file name="TotalBackers.jsx" path="/Users/samgetlan/Documents/HackReactor/community-module/client/src/components/TotalBackers.jsx">
          <metrics statements="2" coveredstatements="2" conditionals="0" coveredconditionals="0" methods="1" coveredmethods="1"/>
          <line num="3" count="2" type="stmt"/>
          <line num="4" count="1" type="stmt"/>
        </file>
        <file name="community.jsx" path="/Users/samgetlan/Documents/HackReactor/community-module/client/src/components/community.jsx">
          <metrics statements="7" coveredstatements="6" conditionals="0" coveredconditionals="0" methods="5" coveredmethods="4"/>
          <line num="12" count="1" type="stmt"/>
          <line num="13" count="1" type="stmt"/>
          <line num="21" count="1" type="stmt"/>
          <line num="22" count="1" type="stmt"/>
          <line num="24" count="0" type="stmt"/>
          <line num="31" count="1" type="stmt"/>
          <line num="37" count="1" type="stmt"/>
        </file>
      </package>
    </metrics>
  </project>
</coverage>
