{"/Users/samgetlan/Documents/HackReactor/community-module/test-setup.js": {"path":"/Users/samgetlan/Documents/HackReactor/community-module/test-setup.js","statementMap":{"0":{"start":{"line":5,"column":0},"end":{"line":5,"column":38}}},"fnMap":{},"branchMap":{},"s":{"0":6},"f":{},"b":{},"_coverageSchema":"332fd63041d2c1bcb487cc26dd0d5f7d97098a6c","hash":"5e740c3b38960fbfef287411958b777de33df60a"}
,"/Users/samgetlan/Documents/HackReactor/community-module/client/src/components/BackersCities.jsx": {"path":"/Users/samgetlan/Documents/HackReactor/community-module/client/src/components/BackersCities.jsx","statementMap":{"0":{"start":{"line":5,"column":4},"end":{"line":5,"column":17}},"1":{"start":{"line":6,"column":4},"end":{"line":8,"column":6}},"2":{"start":{"line":12,"column":24},"end":{"line":12,"column":34}},"3":{"start":{"line":13,"column":19},"end":{"line":13,"column":21}},"4":{"start":{"line":14,"column":22},"end":{"line":14,"column":24}},"5":{"start":{"line":15,"column":4},"end":{"line":21,"column":5}},"6":{"start":{"line":16,"column":6},"end":{"line":20,"column":7}},"7":{"start":{"line":17,"column":8},"end":{"line":17,"column":34}},"8":{"start":{"line":19,"column":8},"end":{"line":19,"column":36}},"9":{"start":{"line":22,"column":4},"end":{"line":26,"column":5}},"10":{"start":{"line":23,"column":19},"end":{"line":23,"column":88}},"11":{"start":{"line":23,"column":57},"end":{"line":23,"column":86}},"12":{"start":{"line":24,"column":6},"end":{"line":24,"column":60}},"13":{"start":{"line":25,"column":6},"end":{"line":25,"column":26}},"14":{"start":{"line":27,"column":4},"end":{"line":31,"column":5}},"15":{"start":{"line":28,"column":6},"end":{"line":30,"column":9}},"16":{"start":{"line":36,"column":4},"end":{"line":55,"column":6}},"17":{"start":{"line":42,"column":10},"end":{"line":50,"column":16}}},"fnMap":{"0":{"name":"(anonymous_0)","decl":{"start":{"line":4,"column":2},"end":{"line":4,"column":3}},"loc":{"start":{"line":4,"column":21},"end":{"line":9,"column":3}},"line":4},"1":{"name":"(anonymous_1)","decl":{"start":{"line":11,"column":2},"end":{"line":11,"column":3}},"loc":{"start":{"line":11,"column":23},"end":{"line":32,"column":3}},"line":11},"2":{"name":"(anonymous_2)","decl":{"start":{"line":23,"column":46},"end":{"line":23,"column":47}},"loc":{"start":{"line":23,"column":57},"end":{"line":23,"column":86}},"line":23},"3":{"name":"(anonymous_3)","decl":{"start":{"line":35,"column":2},"end":{"line":35,"column":3}},"loc":{"start":{"line":35,"column":11},"end":{"line":56,"column":3}},"line":35},"4":{"name":"(anonymous_4)","decl":{"start":{"line":41,"column":43},"end":{"line":41,"column":44}},"loc":{"start":{"line":42,"column":10},"end":{"line":50,"column":16}},"line":42}},"branchMap":{"0":{"loc":{"start":{"line":16,"column":6},"end":{"line":20,"column":7}},"type":"if","locations":[{"start":{"line":16,"column":6},"end":{"line":20,"column":7}},{"start":{"line":16,"column":6},"end":{"line":20,"column":7}}],"line":16},"1":{"loc":{"start":{"line":23,"column":57},"end":{"line":23,"column":86}},"type":"cond-expr","locations":[{"start":{"line":23,"column":81},"end":{"line":23,"column":82}},{"start":{"line":23,"column":85},"end":{"line":23,"column":86}}],"line":23},"2":{"loc":{"start":{"line":27,"column":4},"end":{"line":31,"column":5}},"type":"if","locations":[{"start":{"line":27,"column":4},"end":{"line":31,"column":5}},{"start":{"line":27,"column":4},"end":{"line":31,"column":5}}],"line":27}},"s":{"0":2,"1":2,"2":1,"3":1,"4":1,"5":1,"6":11,"7":0,"8":11,"9":1,"10":10,"11":55,"12":10,"13":10,"14":1,"15":1,"16":3,"17":10},"f":{"0":2,"1":1,"2":55,"3":3,"4":10},"b":{"0":[0,11],"1":[0,55],"2":[1,0]},"_coverageSchema":"332fd63041d2c1bcb487cc26dd0d5f7d97098a6c","hash":"4ad02cfb69a0f85c44ff51275028e555c8b9f488"}
,"/Users/samgetlan/Documents/HackReactor/community-module/client/src/components/BackersCountries.jsx": {"path":"/Users/samgetlan/Documents/HackReactor/community-module/client/src/components/BackersCountries.jsx","statementMap":{"0":{"start":{"line":5,"column":4},"end":{"line":5,"column":17}},"1":{"start":{"line":6,"column":4},"end":{"line":8,"column":6}},"2":{"start":{"line":13,"column":24},"end":{"line":13,"column":34}},"3":{"start":{"line":14,"column":22},"end":{"line":14,"column":24}},"4":{"start":{"line":15,"column":25},"end":{"line":15,"column":27}},"5":{"start":{"line":16,"column":4},"end":{"line":22,"column":5}},"6":{"start":{"line":17,"column":6},"end":{"line":21,"column":7}},"7":{"start":{"line":18,"column":8},"end":{"line":18,"column":40}},"8":{"start":{"line":20,"column":8},"end":{"line":20,"column":42}},"9":{"start":{"line":23,"column":4},"end":{"line":27,"column":5}},"10":{"start":{"line":24,"column":22},"end":{"line":24,"column":100}},"11":{"start":{"line":24,"column":63},"end":{"line":24,"column":98}},"12":{"start":{"line":25,"column":6},"end":{"line":25,"column":72}},"13":{"start":{"line":26,"column":6},"end":{"line":26,"column":32}},"14":{"start":{"line":28,"column":4},"end":{"line":32,"column":5}},"15":{"start":{"line":29,"column":6},"end":{"line":31,"column":9}},"16":{"start":{"line":37,"column":4},"end":{"line":55,"column":6}},"17":{"start":{"line":43,"column":10},"end":{"line":50,"column":16}}},"fnMap":{"0":{"name":"(anonymous_0)","decl":{"start":{"line":4,"column":2},"end":{"line":4,"column":3}},"loc":{"start":{"line":4,"column":21},"end":{"line":9,"column":3}},"line":4},"1":{"name":"(anonymous_1)","decl":{"start":{"line":12,"column":2},"end":{"line":12,"column":3}},"loc":{"start":{"line":12,"column":23},"end":{"line":33,"column":3}},"line":12},"2":{"name":"(anonymous_2)","decl":{"start":{"line":24,"column":52},"end":{"line":24,"column":53}},"loc":{"start":{"line":24,"column":63},"end":{"line":24,"column":98}},"line":24},"3":{"name":"(anonymous_3)","decl":{"start":{"line":36,"column":2},"end":{"line":36,"column":3}},"loc":{"start":{"line":36,"column":11},"end":{"line":56,"column":3}},"line":36},"4":{"name":"(anonymous_4)","decl":{"start":{"line":42,"column":46},"end":{"line":42,"column":47}},"loc":{"start":{"line":43,"column":10},"end":{"line":50,"column":16}},"line":43}},"branchMap":{"0":{"loc":{"start":{"line":17,"column":6},"end":{"line":21,"column":7}},"type":"if","locations":[{"start":{"line":17,"column":6},"end":{"line":21,"column":7}},{"start":{"line":17,"column":6},"end":{"line":21,"column":7}}],"line":17},"1":{"loc":{"start":{"line":24,"column":63},"end":{"line":24,"column":98}},"type":"cond-expr","locations":[{"start":{"line":24,"column":93},"end":{"line":24,"column":94}},{"start":{"line":24,"column":97},"end":{"line":24,"column":98}}],"line":24},"2":{"loc":{"start":{"line":28,"column":4},"end":{"line":32,"column":5}},"type":"if","locations":[{"start":{"line":28,"column":4},"end":{"line":32,"column":5}},{"start":{"line":28,"column":4},"end":{"line":32,"column":5}}],"line":28}},"s":{"0":2,"1":2,"2":1,"3":1,"4":1,"5":1,"6":11,"7":0,"8":11,"9":1,"10":10,"11":55,"12":10,"13":10,"14":1,"15":1,"16":3,"17":10},"f":{"0":2,"1":1,"2":55,"3":3,"4":10},"b":{"0":[0,11],"1":[0,55],"2":[1,0]},"_coverageSchema":"332fd63041d2c1bcb487cc26dd0d5f7d97098a6c","hash":"b0d5711cfccf6f9c2ead0d47f266bf6fb8b02755"}
,"/Users/samgetlan/Documents/HackReactor/community-module/client/src/components/NewAndOldBackers.jsx": {"path":"/Users/samgetlan/Documents/HackReactor/community-module/client/src/components/NewAndOldBackers.jsx","statementMap":{"0":{"start":{"line":5,"column":4},"end":{"line":5,"column":17}},"1":{"start":{"line":6,"column":4},"end":{"line":9,"column":6}},"2":{"start":{"line":14,"column":24},"end":{"line":14,"column":34}},"3":{"start":{"line":15,"column":21},"end":{"line":15,"column":22}},"4":{"start":{"line":16,"column":21},"end":{"line":16,"column":22}},"5":{"start":{"line":17,"column":4},"end":{"line":23,"column":5}},"6":{"start":{"line":18,"column":6},"end":{"line":22,"column":7}},"7":{"start":{"line":19,"column":8},"end":{"line":19,"column":21}},"8":{"start":{"line":21,"column":8},"end":{"line":21,"column":21}},"9":{"start":{"line":24,"column":4},"end":{"line":29,"column":5}},"10":{"start":{"line":25,"column":6},"end":{"line":28,"column":9}},"11":{"start":{"line":34,"column":4},"end":{"line":49,"column":6}}},"fnMap":{"0":{"name":"(anonymous_0)","decl":{"start":{"line":4,"column":2},"end":{"line":4,"column":3}},"loc":{"start":{"line":4,"column":21},"end":{"line":10,"column":3}},"line":4},"1":{"name":"(anonymous_1)","decl":{"start":{"line":13,"column":2},"end":{"line":13,"column":3}},"loc":{"start":{"line":13,"column":23},"end":{"line":30,"column":3}},"line":13},"2":{"name":"(anonymous_2)","decl":{"start":{"line":33,"column":2},"end":{"line":33,"column":3}},"loc":{"start":{"line":33,"column":11},"end":{"line":50,"column":3}},"line":33}},"branchMap":{"0":{"loc":{"start":{"line":18,"column":6},"end":{"line":22,"column":7}},"type":"if","locations":[{"start":{"line":18,"column":6},"end":{"line":22,"column":7}},{"start":{"line":18,"column":6},"end":{"line":22,"column":7}}],"line":18},"1":{"loc":{"start":{"line":24,"column":4},"end":{"line":29,"column":5}},"type":"if","locations":[{"start":{"line":24,"column":4},"end":{"line":29,"column":5}},{"start":{"line":24,"column":4},"end":{"line":29,"column":5}}],"line":24},"2":{"loc":{"start":{"line":24,"column":8},"end":{"line":24,"column":84}},"type":"binary-expr","locations":[{"start":{"line":24,"column":8},"end":{"line":24,"column":44}},{"start":{"line":24,"column":48},"end":{"line":24,"column":84}}],"line":24}},"s":{"0":2,"1":2,"2":1,"3":1,"4":1,"5":1,"6":8,"7":4,"8":4,"9":1,"10":1,"11":3},"f":{"0":2,"1":1,"2":3},"b":{"0":[4,4],"1":[1,0],"2":[1,0]},"_coverageSchema":"332fd63041d2c1bcb487cc26dd0d5f7d97098a6c","hash":"b917486751be812f4ccb6ace016726f578a0af63"}
,"/Users/samgetlan/Documents/HackReactor/community-module/client/src/components/RollCall.jsx": {"path":"/Users/samgetlan/Documents/HackReactor/community-module/client/src/components/RollCall.jsx","statementMap":{"0":{"start":{"line":5,"column":4},"end":{"line":5,"column":17}},"1":{"start":{"line":6,"column":4},"end":{"line":8,"column":6}},"2":{"start":{"line":9,"column":4},"end":{"line":9,"column":61}},"3":{"start":{"line":13,"column":4},"end":{"line":15,"column":7}},"4":{"start":{"line":20,"column":4},"end":{"line":40,"column":6}},"5":{"start":{"line":28,"column":12},"end":{"line":34,"column":18}}},"fnMap":{"0":{"name":"(anonymous_0)","decl":{"start":{"line":4,"column":2},"end":{"line":4,"column":3}},"loc":{"start":{"line":4,"column":21},"end":{"line":10,"column":3}},"line":4},"1":{"name":"(anonymous_1)","decl":{"start":{"line":12,"column":2},"end":{"line":12,"column":3}},"loc":{"start":{"line":12,"column":21},"end":{"line":16,"column":3}},"line":12},"2":{"name":"(anonymous_2)","decl":{"start":{"line":19,"column":2},"end":{"line":19,"column":3}},"loc":{"start":{"line":19,"column":11},"end":{"line":41,"column":3}},"line":19},"3":{"name":"(anonymous_3)","decl":{"start":{"line":27,"column":91},"end":{"line":27,"column":92}},"loc":{"start":{"line":28,"column":12},"end":{"line":34,"column":18}},"line":28}},"branchMap":{"0":{"loc":{"start":{"line":31,"column":45},"end":{"line":31,"column":119}},"type":"cond-expr","locations":[{"start":{"line":31,"column":72},"end":{"line":31,"column":104}},{"start":{"line":31,"column":108},"end":{"line":31,"column":119}}],"line":31},"1":{"loc":{"start":{"line":32,"column":86},"end":{"line":32,"column":138}},"type":"cond-expr","locations":[{"start":{"line":32,"column":116},"end":{"line":32,"column":125}},{"start":{"line":32,"column":128},"end":{"line":32,"column":138}}],"line":32}},"s":{"0":1,"1":1,"2":1,"3":0,"4":1,"5":8},"f":{"0":1,"1":0,"2":1,"3":8},"b":{"0":[0,8],"1":[0,8]},"_coverageSchema":"332fd63041d2c1bcb487cc26dd0d5f7d97098a6c","hash":"c5c1e5f59ab12ff80c0cb47348bc0ec42e0637d1"}
,"/Users/samgetlan/Documents/HackReactor/community-module/client/src/components/TotalBackers.jsx": {"path":"/Users/samgetlan/Documents/HackReactor/community-module/client/src/components/TotalBackers.jsx","statementMap":{"0":{"start":{"line":3,"column":21},"end":{"line":9,"column":1}},"1":{"start":{"line":4,"column":2},"end":{"line":8,"column":8}}},"fnMap":{"0":{"name":"(anonymous_0)","decl":{"start":{"line":3,"column":21},"end":{"line":3,"column":22}},"loc":{"start":{"line":4,"column":2},"end":{"line":8,"column":8}},"line":4}},"branchMap":{},"s":{"0":2,"1":1},"f":{"0":1},"b":{},"_coverageSchema":"332fd63041d2c1bcb487cc26dd0d5f7d97098a6c","hash":"172893170cf136c918c9d1bc75410be7a4ffe0bf"}
,"/Users/samgetlan/Documents/HackReactor/community-module/client/src/components/community.jsx": {"path":"/Users/samgetlan/Documents/HackReactor/community-module/client/src/components/community.jsx","statementMap":{"0":{"start":{"line":12,"column":4},"end":{"line":12,"column":17}},"1":{"start":{"line":13,"column":4},"end":{"line":17,"column":6}},"2":{"start":{"line":21,"column":20},"end":{"line":21,"column":24}},"3":{"start":{"line":22,"column":4},"end":{"line":32,"column":9}},"4":{"start":{"line":24,"column":8},"end":{"line":28,"column":11}},"5":{"start":{"line":31,"column":8},"end":{"line":31,"column":72}},"6":{"start":{"line":37,"column":4},"end":{"line":47,"column":6}}},"fnMap":{"0":{"name":"(anonymous_0)","decl":{"start":{"line":11,"column":2},"end":{"line":11,"column":3}},"loc":{"start":{"line":11,"column":21},"end":{"line":18,"column":3}},"line":11},"1":{"name":"(anonymous_1)","decl":{"start":{"line":20,"column":2},"end":{"line":20,"column":3}},"loc":{"start":{"line":20,"column":22},"end":{"line":33,"column":3}},"line":20},"2":{"name":"(anonymous_2)","decl":{"start":{"line":23,"column":12},"end":{"line":23,"column":13}},"loc":{"start":{"line":23,"column":26},"end":{"line":29,"column":7}},"line":23},"3":{"name":"(anonymous_3)","decl":{"start":{"line":30,"column":13},"end":{"line":30,"column":14}},"loc":{"start":{"line":30,"column":24},"end":{"line":32,"column":7}},"line":30},"4":{"name":"(anonymous_4)","decl":{"start":{"line":36,"column":2},"end":{"line":36,"column":3}},"loc":{"start":{"line":36,"column":11},"end":{"line":48,"column":3}},"line":36}},"branchMap":{},"s":{"0":1,"1":1,"2":1,"3":1,"4":0,"5":1,"6":1},"f":{"0":1,"1":1,"2":0,"3":1,"4":1},"b":{},"_coverageSchema":"332fd63041d2c1bcb487cc26dd0d5f7d97098a6c","hash":"62abc77e498a968b77269ca57048aa5c9a762fdb"}
}
